17:47 D [24] Server::InitServer: : Init Server ...
17:47 N [56] Server::InitServer: : Start to listen: 192.168.0.179:8740
17:47 S [67] addfd: : fd[4] added to epoll!

17:47 D [210] Server::StartServer: : epoll_events_count[1]
17:47 N [221] Server::StartServer: : client connection from: 192.168.0.129:52325, clientfd[6]
17:47 S [67] addfd: : fd[6] added to epoll!

17:47 N [228] Server::StartServer: : Add new clientfd[6] to epoll
17:47 N [229] Server::StartServer: : Now there are [1] clients
17:47 D [232] Server::StartServer: : welcome message
17:47 D [210] Server::StartServer: : epoll_events_count[1]
17:47 D [91] Server::SendBroadcastMessage: : read from client[6]
17:47 D [210] Server::StartServer: : epoll_events_count[1]
17:47 D [91] Server::SendBroadcastMessage: : read from client[6]
17:47 D [210] Server::StartServer: : epoll_events_count[1]
17:47 D [91] Server::SendBroadcastMessage: : read from client[6]
17:47 D [210] Server::StartServer: : epoll_events_count[1]
17:47 D [91] Server::SendBroadcastMessage: : read from client[6]
17:47 D [210] Server::StartServer: : epoll_events_count[1]
17:47 D [91] Server::SendBroadcastMessage: : read from client[6]
17:47 D [210] Server::StartServer: : epoll_events_count[1]
17:47 D [91] Server::SendBroadcastMessage: : read from client[6]
17:47 D [210] Server::StartServer: : epoll_events_count[1]
17:47 D [91] Server::SendBroadcastMessage: : read from client[6]
17:47 D [210] Server::StartServer: : epoll_events_count[1]
17:47 D [91] Server::SendBroadcastMessage: : read from client[6]
